2024-12-04 20:23:43,872 - WARNING - Compiled the loaded model, but the compiled metrics have yet to be built. `model.compile_metrics` will be empty until you train or evaluate the model.
2024-12-04 20:24:05,820 - INFO - Start of script execution with parallelism!
2024-12-04 20:24:05,826 - INFO - [Thread 140277527217856] Starting processing of day with offset 0
2024-12-04 20:24:05,827 - INFO - [Thread 140277518825152] Starting processing of day with offset 1
2024-12-04 20:24:05,830 - INFO - [Thread 140277502039744] Starting processing of day with offset 2
2024-12-04 20:24:05,835 - INFO - [Thread 140277493647040] Starting processing of day with offset 3
2024-12-04 20:24:05,840 - INFO - [Thread 140277485254336] Starting processing of day with offset 4
2024-12-04 20:24:05,842 - INFO - [Thread 140277476861632] Starting processing of day with offset 5
2024-12-04 20:24:05,848 - INFO - [Thread 140277510432448] Starting processing of day with offset 6
2024-12-04 20:24:05,850 - INFO - [Thread 140276987328192] Starting processing of day with offset 7
2024-12-04 20:24:05,855 - INFO - [Thread 140276978935488] Starting processing of day with offset 8
2024-12-04 20:24:05,859 - INFO - [Thread 140276970542784] Starting processing of day with offset 9
2024-12-04 20:24:05,862 - INFO - [Thread 140276962150080] Starting processing of day with offset 10
2024-12-04 20:24:05,866 - INFO - [Thread 140276953757376] Starting processing of day with offset 11
2024-12-04 20:24:05,871 - INFO - [Thread 140277468468928] Starting processing of day with offset 12
2024-12-04 20:24:05,874 - INFO - [Thread 140276945364672] Starting processing of day with offset 13
2024-12-04 20:24:05,878 - INFO - [Thread 140276936971968] Starting processing of day with offset 14
2024-12-04 20:24:05,887 - INFO - [Thread 140276450457280] Starting processing of day with offset 15
2024-12-04 20:24:06,785 - INFO - [Thread 140276450457280] Finalizado processamento do dia 12/12/2021.
2024-12-04 20:24:06,786 - INFO - [Thread 140276450457280] Starting processing of day with offset 16
2024-12-04 20:24:06,802 - INFO - [Thread 140276945364672] Finalizado processamento do dia 10/12/2021.
2024-12-04 20:24:06,803 - INFO - [Thread 140276945364672] Starting processing of day with offset 17
2024-12-04 20:24:06,803 - INFO - [Thread 140277510432448] Finalizado processamento do dia 03/12/2021.
2024-12-04 20:24:06,803 - INFO - [Thread 140277510432448] Starting processing of day with offset 18
2024-12-04 20:24:06,810 - INFO - [Thread 140277468468928] Finalizado processamento do dia 09/12/2021.
2024-12-04 20:24:06,810 - INFO - [Thread 140277468468928] Starting processing of day with offset 19
2024-12-04 20:24:06,822 - INFO - [Thread 140277485254336] Finalizado processamento do dia 01/12/2021.
2024-12-04 20:24:06,822 - INFO - [Thread 140277485254336] Starting processing of day with offset 20
2024-12-04 20:24:06,824 - INFO - [Thread 140276953757376] Finalizado processamento do dia 08/12/2021.
2024-12-04 20:24:06,824 - INFO - [Thread 140276953757376] Starting processing of day with offset 21
2024-12-04 20:24:06,828 - INFO - [Thread 140276978935488] Finalizado processamento do dia 05/12/2021.
2024-12-04 20:24:06,829 - INFO - [Thread 140276978935488] Starting processing of day with offset 22
2024-12-04 20:24:06,835 - INFO - [Thread 140277502039744] Finalizado processamento do dia 29/11/2021.
2024-12-04 20:24:06,836 - INFO - [Thread 140277502039744] Starting processing of day with offset 23
2024-12-04 20:24:06,850 - INFO - [Thread 140277527217856] Finalizado processamento do dia 27/11/2021.
2024-12-04 20:24:06,851 - INFO - [Thread 140277527217856] Starting processing of day with offset 24
2024-12-04 20:24:06,858 - INFO - [Thread 140276936971968] Finalizado processamento do dia 11/12/2021.
2024-12-04 20:24:06,859 - INFO - [Thread 140276936971968] Starting processing of day with offset 25
2024-12-04 20:24:06,866 - INFO - [Thread 140277518825152] Finalizado processamento do dia 28/11/2021.
2024-12-04 20:24:06,866 - INFO - [Thread 140277518825152] Starting processing of day with offset 26
2024-12-04 20:24:06,868 - INFO - [Thread 140276987328192] Finalizado processamento do dia 04/12/2021.
2024-12-04 20:24:06,869 - INFO - [Thread 140276987328192] Starting processing of day with offset 27
2024-12-04 20:24:06,875 - INFO - [Thread 140277493647040] Finalizado processamento do dia 30/11/2021.
2024-12-04 20:24:06,876 - INFO - [Thread 140277493647040] Starting processing of day with offset 28
2024-12-04 20:24:06,879 - INFO - [Thread 140276970542784] Finalizado processamento do dia 06/12/2021.
2024-12-04 20:24:06,879 - INFO - [Thread 140276970542784] Starting processing of day with offset 29
2024-12-04 20:24:06,898 - INFO - [Thread 140277476861632] Finalizado processamento do dia 02/12/2021.
2024-12-04 20:24:06,898 - INFO - [Thread 140277476861632] Starting processing of day with offset 30
2024-12-04 20:24:06,904 - INFO - [Thread 140276962150080] Finalizado processamento do dia 07/12/2021.
2024-12-04 20:24:06,905 - INFO - [Thread 140276962150080] Starting processing of day with offset 31
2024-12-04 20:24:07,596 - INFO - [Thread 140276450457280] Finalizado processamento do dia 13/12/2021.
2024-12-04 20:24:07,596 - INFO - [Thread 140276450457280] Starting processing of day with offset 32
2024-12-04 20:24:07,602 - INFO - [Thread 140277510432448] Finalizado processamento do dia 15/12/2021.
2024-12-04 20:24:07,602 - INFO - [Thread 140277510432448] Starting processing of day with offset 33
2024-12-04 20:24:07,619 - INFO - [Thread 140276978935488] Finalizado processamento do dia 19/12/2021.
2024-12-04 20:24:07,620 - INFO - [Thread 140276978935488] Starting processing of day with offset 34
2024-12-04 20:24:07,624 - INFO - [Thread 140277468468928] Finalizado processamento do dia 16/12/2021.
2024-12-04 20:24:07,624 - INFO - [Thread 140277468468928] Starting processing of day with offset 35
2024-12-04 20:24:07,659 - INFO - [Thread 140276987328192] Finalizado processamento do dia 24/12/2021.
2024-12-04 20:24:07,660 - INFO - [Thread 140276987328192] Starting processing of day with offset 36
2024-12-04 20:24:07,670 - INFO - [Thread 140276945364672] Finalizado processamento do dia 14/12/2021.
2024-12-04 20:24:07,671 - INFO - [Thread 140276945364672] Starting processing of day with offset 37
2024-12-04 20:24:07,688 - INFO - [Thread 140276953757376] Finalizado processamento do dia 18/12/2021.
2024-12-04 20:24:07,688 - INFO - [Thread 140276953757376] Starting processing of day with offset 38
2024-12-04 20:24:07,690 - INFO - [Thread 140277518825152] Finalizado processamento do dia 23/12/2021.
2024-12-04 20:24:07,690 - INFO - [Thread 140277518825152] Starting processing of day with offset 39
2024-12-04 20:24:07,697 - INFO - [Thread 140276936971968] Finalizado processamento do dia 22/12/2021.
2024-12-04 20:24:07,698 - INFO - [Thread 140276936971968] Starting processing of day with offset 40
2024-12-04 20:24:07,702 - INFO - [Thread 140277485254336] Finalizado processamento do dia 17/12/2021.
2024-12-04 20:24:07,702 - INFO - [Thread 140277485254336] Starting processing of day with offset 41
2024-12-04 20:24:07,708 - INFO - [Thread 140277502039744] Finalizado processamento do dia 20/12/2021.
2024-12-04 20:24:07,709 - INFO - [Thread 140277502039744] Starting processing of day with offset 42
2024-12-04 20:24:07,714 - INFO - [Thread 140277476861632] Finalizado processamento do dia 27/12/2021.
2024-12-04 20:24:07,714 - INFO - [Thread 140277476861632] Starting processing of day with offset 43
2024-12-04 20:24:07,717 - INFO - [Thread 140277527217856] Finalizado processamento do dia 21/12/2021.
2024-12-04 20:24:07,718 - INFO - [Thread 140277527217856] Starting processing of day with offset 44
2024-12-04 20:24:07,729 - INFO - [Thread 140277493647040] Finalizado processamento do dia 25/12/2021.
2024-12-04 20:24:07,730 - INFO - [Thread 140277493647040] Starting processing of day with offset 45
2024-12-04 20:24:07,737 - INFO - [Thread 140276962150080] Finalizado processamento do dia 28/12/2021.
2024-12-04 20:24:07,737 - INFO - [Thread 140276962150080] Starting processing of day with offset 46
2024-12-04 20:24:07,746 - INFO - [Thread 140276970542784] Finalizado processamento do dia 26/12/2021.
2024-12-04 20:24:07,747 - INFO - [Thread 140276970542784] Starting processing of day with offset 47
2024-12-04 20:24:08,377 - INFO - [Thread 140276450457280] Finalizado processamento do dia 29/12/2021.
2024-12-04 20:24:08,377 - INFO - [Thread 140276450457280] Starting processing of day with offset 48
2024-12-04 20:24:08,406 - INFO - [Thread 140276978935488] Finalizado processamento do dia 31/12/2021.
2024-12-04 20:24:08,406 - INFO - [Thread 140276978935488] Starting processing of day with offset 49
2024-12-04 20:24:08,408 - INFO - [Thread 140277468468928] Finalizado processamento do dia 01/01/2022.
2024-12-04 20:24:08,408 - INFO - [Thread 140277468468928] Starting processing of day with offset 50
2024-12-04 20:24:08,449 - INFO - [Thread 140277518825152] Finalizado processamento do dia 05/01/2022.
2024-12-04 20:24:08,449 - INFO - [Thread 140277518825152] Starting processing of day with offset 51
2024-12-04 20:24:08,474 - INFO - [Thread 140276987328192] Finalizado processamento do dia 02/01/2022.
2024-12-04 20:24:08,475 - INFO - [Thread 140276987328192] Starting processing of day with offset 52
2024-12-04 20:24:08,487 - INFO - [Thread 140277510432448] Finalizado processamento do dia 30/12/2021.
2024-12-04 20:24:08,487 - INFO - [Thread 140277510432448] Starting processing of day with offset 53
2024-12-04 20:24:08,494 - INFO - [Thread 140276945364672] Finalizado processamento do dia 03/01/2022.
2024-12-04 20:24:08,495 - INFO - [Thread 140276945364672] Starting processing of day with offset 54
2024-12-04 20:24:08,514 - INFO - [Thread 140277476861632] Finalizado processamento do dia 09/01/2022.
2024-12-04 20:24:08,515 - INFO - [Thread 140277476861632] Starting processing of day with offset 55
2024-12-04 20:24:08,518 - INFO - [Thread 140277502039744] Finalizado processamento do dia 08/01/2022.
2024-12-04 20:24:08,519 - INFO - [Thread 140277502039744] Starting processing of day with offset 56
2024-12-04 20:24:08,537 - INFO - [Thread 140276953757376] Finalizado processamento do dia 04/01/2022.
2024-12-04 20:24:08,537 - INFO - [Thread 140276953757376] Starting processing of day with offset 57
2024-12-04 20:24:08,539 - INFO - [Thread 140277485254336] Finalizado processamento do dia 07/01/2022.
2024-12-04 20:24:08,539 - INFO - [Thread 140277485254336] Starting processing of day with offset 58
2024-12-04 20:24:08,539 - INFO - [Thread 140276970542784] Finalizado processamento do dia 13/01/2022.
2024-12-04 20:24:08,540 - INFO - [Thread 140276970542784] Starting processing of day with offset 59
2024-12-04 20:24:08,569 - INFO - [Thread 140277527217856] Finalizado processamento do dia 10/01/2022.
2024-12-04 20:24:08,569 - INFO - [Thread 140277527217856] Starting processing of day with offset 60
2024-12-04 20:24:08,584 - INFO - [Thread 140276962150080] Finalizado processamento do dia 12/01/2022.
2024-12-04 20:24:08,584 - INFO - [Thread 140276962150080] Starting processing of day with offset 61
2024-12-04 20:24:08,590 - INFO - [Thread 140277493647040] Finalizado processamento do dia 11/01/2022.
2024-12-04 20:24:08,590 - INFO - [Thread 140277493647040] Starting processing of day with offset 62
2024-12-04 20:24:08,616 - INFO - [Thread 140276936971968] Finalizado processamento do dia 06/01/2022.
2024-12-04 20:24:08,617 - INFO - [Thread 140276936971968] Starting processing of day with offset 63
2024-12-04 20:24:09,228 - INFO - [Thread 140276978935488] Finalizado processamento do dia 15/01/2022.
2024-12-04 20:24:09,229 - INFO - [Thread 140276978935488] Starting processing of day with offset 64
2024-12-04 20:24:09,248 - INFO - [Thread 140277468468928] Finalizado processamento do dia 16/01/2022.
2024-12-04 20:24:09,248 - INFO - [Thread 140277468468928] Starting processing of day with offset 65
2024-12-04 20:24:09,253 - INFO - [Thread 140276450457280] Finalizado processamento do dia 14/01/2022.
2024-12-04 20:24:09,253 - INFO - [Thread 140276450457280] Starting processing of day with offset 66
2024-12-04 20:24:09,289 - INFO - [Thread 140276945364672] Finalizado processamento do dia 20/01/2022.
2024-12-04 20:24:09,289 - INFO - [Thread 140276945364672] Starting processing of day with offset 67
2024-12-04 20:24:09,293 - INFO - [Thread 140276970542784] Finalizado processamento do dia 25/01/2022.
2024-12-04 20:24:09,294 - INFO - [Thread 140276970542784] Starting processing of day with offset 68
2024-12-04 20:24:09,307 - INFO - [Thread 140277518825152] Finalizado processamento do dia 17/01/2022.
2024-12-04 20:24:09,308 - INFO - [Thread 140277518825152] Starting processing of day with offset 69
2024-12-04 20:24:09,322 - INFO - [Thread 140277510432448] Finalizado processamento do dia 19/01/2022.
2024-12-04 20:24:09,323 - INFO - [Thread 140277510432448] Starting processing of day with offset 70
2024-12-04 20:24:09,345 - INFO - [Thread 140276987328192] Finalizado processamento do dia 18/01/2022.
2024-12-04 20:24:09,346 - INFO - [Thread 140276987328192] Starting processing of day with offset 71
2024-12-04 20:24:09,373 - INFO - [Thread 140276953757376] Finalizado processamento do dia 23/01/2022.
2024-12-04 20:24:09,374 - INFO - [Thread 140276953757376] Starting processing of day with offset 72
2024-12-04 20:24:09,389 - INFO - [Thread 140277476861632] Finalizado processamento do dia 21/01/2022.
2024-12-04 20:24:09,389 - INFO - [Thread 140277476861632] Starting processing of day with offset 73
2024-12-04 20:24:09,411 - INFO - [Thread 140277485254336] Finalizado processamento do dia 24/01/2022.
2024-12-04 20:24:09,412 - INFO - [Thread 140277485254336] Starting processing of day with offset 74
2024-12-04 20:24:09,428 - INFO - [Thread 140277502039744] Finalizado processamento do dia 22/01/2022.
2024-12-04 20:24:09,428 - INFO - [Thread 140277502039744] Starting processing of day with offset 75
2024-12-04 20:24:09,450 - INFO - [Thread 140277527217856] Finalizado processamento do dia 26/01/2022.
2024-12-04 20:24:09,451 - INFO - [Thread 140277527217856] Starting processing of day with offset 76
2024-12-04 20:24:09,479 - INFO - [Thread 140276936971968] Finalizado processamento do dia 29/01/2022.
2024-12-04 20:24:09,479 - INFO - [Thread 140276936971968] Starting processing of day with offset 77
2024-12-04 20:24:09,486 - INFO - [Thread 140277493647040] Finalizado processamento do dia 28/01/2022.
2024-12-04 20:24:09,486 - INFO - [Thread 140277493647040] Starting processing of day with offset 78
2024-12-04 20:24:09,487 - INFO - [Thread 140276962150080] Finalizado processamento do dia 27/01/2022.
2024-12-04 20:24:09,487 - INFO - [Thread 140276962150080] Starting processing of day with offset 79
2024-12-04 20:24:10,019 - INFO - [Thread 140276450457280] Finalizado processamento do dia 01/02/2022.
2024-12-04 20:24:10,019 - INFO - [Thread 140276450457280] Starting processing of day with offset 80
2024-12-04 20:24:10,067 - INFO - [Thread 140276978935488] Finalizado processamento do dia 30/01/2022.
2024-12-04 20:24:10,067 - INFO - [Thread 140276978935488] Starting processing of day with offset 81
2024-12-04 20:24:10,103 - INFO - [Thread 140277468468928] Finalizado processamento do dia 31/01/2022.
2024-12-04 20:24:10,103 - INFO - [Thread 140277468468928] Starting processing of day with offset 82
2024-12-04 20:24:10,162 - INFO - [Thread 140276945364672] Finalizado processamento do dia 02/02/2022.
2024-12-04 20:24:10,163 - INFO - [Thread 140276945364672] Starting processing of day with offset 83
2024-12-04 20:24:10,165 - INFO - [Thread 140276987328192] Finalizado processamento do dia 06/02/2022.
2024-12-04 20:24:10,165 - INFO - [Thread 140276987328192] Starting processing of day with offset 84
2024-12-04 20:24:10,166 - INFO - [Thread 140277518825152] Finalizado processamento do dia 04/02/2022.
2024-12-04 20:24:10,166 - INFO - [Thread 140277518825152] Starting processing of day with offset 85
2024-12-04 20:24:10,186 - INFO - [Thread 140277510432448] Finalizado processamento do dia 05/02/2022.
2024-12-04 20:24:10,187 - INFO - [Thread 140277510432448] Starting processing of day with offset 86
2024-12-04 20:24:10,191 - INFO - [Thread 140277527217856] Finalizado processamento do dia 11/02/2022.
2024-12-04 20:24:10,192 - INFO - [Thread 140277527217856] Starting processing of day with offset 87
2024-12-04 20:24:10,202 - INFO - [Thread 140277502039744] Finalizado processamento do dia 10/02/2022.
2024-12-04 20:24:10,202 - INFO - [Thread 140277502039744] Starting processing of day with offset 88
2024-12-04 20:24:10,216 - INFO - [Thread 140276970542784] Finalizado processamento do dia 03/02/2022.
2024-12-04 20:24:10,216 - INFO - [Thread 140276970542784] Starting processing of day with offset 89
2024-12-04 20:24:10,223 - INFO - [Thread 140277476861632] Finalizado processamento do dia 08/02/2022.
2024-12-04 20:24:10,223 - INFO - [Thread 140277476861632] Starting processing of day with offset 90
2024-12-04 20:24:10,271 - INFO - [Thread 140276953757376] Finalizado processamento do dia 07/02/2022.
2024-12-04 20:24:10,272 - INFO - [Thread 140276953757376] Starting processing of day with offset 91
2024-12-04 20:24:10,280 - INFO - [Thread 140277485254336] Finalizado processamento do dia 09/02/2022.
2024-12-04 20:24:10,280 - INFO - [Thread 140277485254336] Starting processing of day with offset 92
2024-12-04 20:24:10,325 - INFO - [Thread 140276962150080] Finalizado processamento do dia 14/02/2022.
2024-12-04 20:24:10,325 - INFO - [Thread 140276962150080] Starting processing of day with offset 93
2024-12-04 20:24:10,334 - INFO - [Thread 140277493647040] Finalizado processamento do dia 13/02/2022.
2024-12-04 20:24:10,334 - INFO - [Thread 140277493647040] Starting processing of day with offset 94
2024-12-04 20:24:10,341 - INFO - [Thread 140276936971968] Finalizado processamento do dia 12/02/2022.
2024-12-04 20:24:10,341 - INFO - [Thread 140276936971968] Starting processing of day with offset 95
2024-12-04 20:24:10,814 - INFO - [Thread 140276450457280] Finalizado processamento do dia 15/02/2022.
2024-12-04 20:24:10,814 - INFO - [Thread 140276450457280] Starting processing of day with offset 96
2024-12-04 20:24:10,931 - INFO - [Thread 140276978935488] Finalizado processamento do dia 16/02/2022.
2024-12-04 20:24:10,931 - INFO - [Thread 140276978935488] Starting processing of day with offset 97
2024-12-04 20:24:10,962 - INFO - [Thread 140277468468928] Finalizado processamento do dia 17/02/2022.
2024-12-04 20:24:10,962 - INFO - [Thread 140277468468928] Starting processing of day with offset 98
2024-12-04 20:24:10,963 - INFO - [Thread 140276945364672] Finalizado processamento do dia 18/02/2022.
2024-12-04 20:24:10,964 - INFO - [Thread 140276945364672] Starting processing of day with offset 99
2024-12-04 20:24:10,993 - INFO - [Thread 140277502039744] Finalizado processamento do dia 23/02/2022.
2024-12-04 20:24:10,994 - INFO - [Thread 140277502039744] Starting processing of day with offset 100
2024-12-04 20:24:11,006 - INFO - [Thread 140277527217856] Finalizado processamento do dia 22/02/2022.
2024-12-04 20:24:11,007 - INFO - [Thread 140277527217856] Starting processing of day with offset 101
2024-12-04 20:24:11,011 - INFO - [Thread 140276987328192] Finalizado processamento do dia 19/02/2022.
2024-12-04 20:24:11,011 - INFO - [Thread 140276987328192] Starting processing of day with offset 102
2024-12-04 20:24:11,041 - INFO - [Thread 140277476861632] Finalizado processamento do dia 25/02/2022.
2024-12-04 20:24:11,041 - INFO - [Thread 140277476861632] Starting processing of day with offset 103
2024-12-04 20:24:11,066 - INFO - [Thread 140276970542784] Finalizado processamento do dia 24/02/2022.
2024-12-04 20:24:11,066 - INFO - [Thread 140276970542784] Starting processing of day with offset 104
2024-12-04 20:24:11,070 - INFO - [Thread 140276953757376] Finalizado processamento do dia 26/02/2022.
2024-12-04 20:24:11,070 - INFO - [Thread 140276953757376] Starting processing of day with offset 105
2024-12-04 20:24:11,094 - INFO - [Thread 140277518825152] Finalizado processamento do dia 20/02/2022.
2024-12-04 20:24:11,094 - INFO - [Thread 140277518825152] Starting processing of day with offset 106
2024-12-04 20:24:11,098 - INFO - [Thread 140277510432448] Finalizado processamento do dia 21/02/2022.
2024-12-04 20:24:11,099 - INFO - [Thread 140277510432448] Starting processing of day with offset 107
2024-12-04 20:24:11,117 - INFO - [Thread 140277485254336] Finalizado processamento do dia 27/02/2022.
2024-12-04 20:24:11,118 - INFO - [Thread 140277485254336] Starting processing of day with offset 108
2024-12-04 20:24:11,139 - INFO - [Thread 140276936971968] Finalizado processamento do dia 02/03/2022.
2024-12-04 20:24:11,139 - INFO - [Thread 140276936971968] Starting processing of day with offset 109
2024-12-04 20:24:11,161 - INFO - [Thread 140276962150080] Finalizado processamento do dia 28/02/2022.
2024-12-04 20:24:11,161 - INFO - [Thread 140276962150080] Starting processing of day with offset 110
2024-12-04 20:24:11,173 - INFO - [Thread 140277493647040] Finalizado processamento do dia 01/03/2022.
2024-12-04 20:24:11,174 - INFO - [Thread 140277493647040] Starting processing of day with offset 111
2024-12-04 20:24:11,651 - INFO - [Thread 140276450457280] Finalizado processamento do dia 03/03/2022.
2024-12-04 20:24:11,651 - INFO - [Thread 140276450457280] Starting processing of day with offset 112
2024-12-04 20:24:11,755 - INFO - [Thread 140276978935488] Finalizado processamento do dia 04/03/2022.
2024-12-04 20:24:11,756 - INFO - [Thread 140276978935488] Starting processing of day with offset 113
2024-12-04 20:24:11,781 - INFO - [Thread 140276945364672] Finalizado processamento do dia 06/03/2022.
2024-12-04 20:24:11,781 - INFO - [Thread 140276945364672] Starting processing of day with offset 114
2024-12-04 20:24:11,808 - INFO - [Thread 140277502039744] Finalizado processamento do dia 07/03/2022.
2024-12-04 20:24:11,808 - INFO - [Thread 140277502039744] Starting processing of day with offset 115
2024-12-04 20:24:11,825 - INFO - [Thread 140277468468928] Finalizado processamento do dia 05/03/2022.
2024-12-04 20:24:11,825 - INFO - [Thread 140277468468928] Starting processing of day with offset 116
2024-12-04 20:24:11,858 - INFO - [Thread 140277476861632] Finalizado processamento do dia 10/03/2022.
2024-12-04 20:24:11,859 - INFO - [Thread 140277476861632] Starting processing of day with offset 117
2024-12-04 20:24:11,866 - INFO - [Thread 140277527217856] Finalizado processamento do dia 08/03/2022.
2024-12-04 20:24:11,866 - INFO - [Thread 140277527217856] Starting processing of day with offset 118
2024-12-04 20:24:11,888 - INFO - [Thread 140276987328192] Finalizado processamento do dia 09/03/2022.
2024-12-04 20:24:11,889 - INFO - [Thread 140276987328192] Starting processing of day with offset 119
2024-12-04 20:24:11,889 - INFO - [Thread 140277510432448] Finalizado processamento do dia 14/03/2022.
2024-12-04 20:24:11,889 - INFO - [Thread 140277510432448] Starting processing of day with offset 120
2024-12-04 20:24:11,897 - INFO - [Thread 140276970542784] Finalizado processamento do dia 11/03/2022.
2024-12-04 20:24:11,898 - INFO - [Thread 140276970542784] Starting processing of day with offset 121
2024-12-04 20:24:11,909 - INFO - [Thread 140276953757376] Finalizado processamento do dia 12/03/2022.
2024-12-04 20:24:11,909 - INFO - [Thread 140276953757376] Starting processing of day with offset 122
2024-12-04 20:24:11,942 - INFO - [Thread 140277485254336] Finalizado processamento do dia 15/03/2022.
2024-12-04 20:24:11,942 - INFO - [Thread 140277485254336] Starting processing of day with offset 123
2024-12-04 20:24:11,963 - INFO - [Thread 140276936971968] Finalizado processamento do dia 16/03/2022.
2024-12-04 20:24:11,963 - INFO - [Thread 140276936971968] Starting processing of day with offset 124
2024-12-04 20:24:11,981 - INFO - [Thread 140276962150080] Finalizado processamento do dia 17/03/2022.
2024-12-04 20:24:11,982 - INFO - [Thread 140276962150080] Starting processing of day with offset 125
2024-12-04 20:24:11,998 - INFO - [Thread 140277518825152] Finalizado processamento do dia 13/03/2022.
2024-12-04 20:24:11,998 - INFO - [Thread 140277518825152] Starting processing of day with offset 126
2024-12-04 20:24:11,999 - INFO - [Thread 140277493647040] Finalizado processamento do dia 18/03/2022.
2024-12-04 20:24:11,999 - INFO - [Thread 140277493647040] Starting processing of day with offset 127
2024-12-04 20:24:12,489 - INFO - [Thread 140276450457280] Finalizado processamento do dia 19/03/2022.
2024-12-04 20:24:12,489 - INFO - [Thread 140276450457280] Starting processing of day with offset 128
2024-12-04 20:24:12,598 - INFO - [Thread 140277502039744] Finalizado processamento do dia 22/03/2022.
2024-12-04 20:24:12,598 - INFO - [Thread 140277502039744] Starting processing of day with offset 129
2024-12-04 20:24:12,617 - INFO - [Thread 140276978935488] Finalizado processamento do dia 20/03/2022.
2024-12-04 20:24:12,618 - INFO - [Thread 140276978935488] Starting processing of day with offset 130
2024-12-04 20:24:12,636 - INFO - [Thread 140276945364672] Finalizado processamento do dia 21/03/2022.
2024-12-04 20:24:12,636 - INFO - [Thread 140276945364672] Starting processing of day with offset 131
2024-12-04 20:24:12,664 - INFO - [Thread 140277468468928] Finalizado processamento do dia 23/03/2022.
2024-12-04 20:24:12,664 - INFO - [Thread 140277468468928] Starting processing of day with offset 132
2024-12-04 20:24:12,690 - INFO - [Thread 140277527217856] Finalizado processamento do dia 25/03/2022.
2024-12-04 20:24:12,690 - INFO - [Thread 140277527217856] Starting processing of day with offset 133
2024-12-04 20:24:12,733 - INFO - [Thread 140276987328192] Finalizado processamento do dia 26/03/2022.
2024-12-04 20:24:12,733 - INFO - [Thread 140276987328192] Starting processing of day with offset 134
2024-12-04 20:24:12,742 - INFO - [Thread 140277476861632] Finalizado processamento do dia 24/03/2022.
2024-12-04 20:24:12,742 - INFO - [Thread 140277476861632] Starting processing of day with offset 135
2024-12-04 20:24:12,765 - INFO - [Thread 140277510432448] Finalizado processamento do dia 27/03/2022.
2024-12-04 20:24:12,765 - INFO - [Thread 140277510432448] Starting processing of day with offset 136
2024-12-04 20:24:12,770 - INFO - [Thread 140276970542784] Finalizado processamento do dia 28/03/2022.
2024-12-04 20:24:12,771 - INFO - [Thread 140276970542784] Starting processing of day with offset 137
2024-12-04 20:24:12,813 - INFO - [Thread 140276936971968] Finalizado processamento do dia 31/03/2022.
2024-12-04 20:24:12,814 - INFO - [Thread 140276936971968] Starting processing of day with offset 138
2024-12-04 20:24:12,821 - INFO - [Thread 140277485254336] Finalizado processamento do dia 30/03/2022.
2024-12-04 20:24:12,821 - INFO - [Thread 140277485254336] Starting processing of day with offset 139
2024-12-04 20:24:12,845 - INFO - [Thread 140277493647040] Finalizado processamento do dia 03/04/2022.
2024-12-04 20:24:12,846 - INFO - [Thread 140277493647040] Starting processing of day with offset 140
2024-12-04 20:24:12,855 - INFO - [Thread 140277518825152] Finalizado processamento do dia 02/04/2022.
2024-12-04 20:24:12,855 - INFO - [Thread 140277518825152] Starting processing of day with offset 141
2024-12-04 20:24:12,868 - INFO - [Thread 140276953757376] Finalizado processamento do dia 29/03/2022.
2024-12-04 20:24:12,869 - INFO - [Thread 140276953757376] Starting processing of day with offset 142
2024-12-04 20:24:12,871 - INFO - [Thread 140276962150080] Finalizado processamento do dia 01/04/2022.
2024-12-04 20:24:12,871 - INFO - [Thread 140276962150080] Starting processing of day with offset 143
2024-12-04 20:24:13,312 - INFO - [Thread 140276450457280] Finalizado processamento do dia 04/04/2022.
2024-12-04 20:24:13,313 - INFO - [Thread 140276450457280] Starting processing of day with offset 144
2024-12-04 20:24:13,434 - INFO - [Thread 140276978935488] Finalizado processamento do dia 06/04/2022.
2024-12-04 20:24:13,434 - INFO - [Thread 140276978935488] Starting processing of day with offset 145
2024-12-04 20:24:13,464 - INFO - [Thread 140277502039744] Finalizado processamento do dia 05/04/2022.
2024-12-04 20:24:13,464 - INFO - [Thread 140277502039744] Starting processing of day with offset 146
2024-12-04 20:24:13,503 - INFO - [Thread 140277527217856] Finalizado processamento do dia 09/04/2022.
2024-12-04 20:24:13,504 - INFO - [Thread 140277527217856] Starting processing of day with offset 147
2024-12-04 20:24:13,537 - INFO - [Thread 140276945364672] Finalizado processamento do dia 07/04/2022.
2024-12-04 20:24:13,538 - INFO - [Thread 140276945364672] Starting processing of day with offset 148
2024-12-04 20:24:13,555 - INFO - [Thread 140276987328192] Finalizado processamento do dia 10/04/2022.
2024-12-04 20:24:13,555 - INFO - [Thread 140276987328192] Starting processing of day with offset 149
2024-12-04 20:24:13,564 - INFO - [Thread 140277468468928] Finalizado processamento do dia 08/04/2022.
2024-12-04 20:24:13,564 - INFO - [Thread 140277468468928] Starting processing of day with offset 150
2024-12-04 20:24:13,576 - INFO - [Thread 140276936971968] Finalizado processamento do dia 14/04/2022.
2024-12-04 20:24:13,577 - INFO - [Thread 140276936971968] Starting processing of day with offset 151
2024-12-04 20:24:13,584 - INFO - [Thread 140277476861632] Finalizado processamento do dia 11/04/2022.
2024-12-04 20:24:13,584 - INFO - [Thread 140277476861632] Starting processing of day with offset 152
2024-12-04 20:24:13,605 - INFO - [Thread 140277510432448] Finalizado processamento do dia 12/04/2022.
2024-12-04 20:24:13,605 - INFO - [Thread 140277510432448] Starting processing of day with offset 153
2024-12-04 20:24:13,633 - INFO - [Thread 140276970542784] Finalizado processamento do dia 13/04/2022.
2024-12-04 20:24:13,634 - INFO - [Thread 140276970542784] Starting processing of day with offset 154
2024-12-04 20:24:13,674 - INFO - [Thread 140277493647040] Finalizado processamento do dia 16/04/2022.
2024-12-04 20:24:13,674 - INFO - [Thread 140277493647040] Starting processing of day with offset 155
2024-12-04 20:24:13,696 - INFO - [Thread 140277485254336] Finalizado processamento do dia 15/04/2022.
2024-12-04 20:24:13,696 - INFO - [Thread 140277485254336] Starting processing of day with offset 156
2024-12-04 20:24:13,699 - INFO - [Thread 140276962150080] Finalizado processamento do dia 19/04/2022.
2024-12-04 20:24:13,700 - INFO - [Thread 140276962150080] Starting processing of day with offset 157
2024-12-04 20:24:13,739 - INFO - [Thread 140277518825152] Finalizado processamento do dia 17/04/2022.
2024-12-04 20:24:13,740 - INFO - [Thread 140277518825152] Starting processing of day with offset 158
2024-12-04 20:24:13,774 - INFO - [Thread 140276953757376] Finalizado processamento do dia 18/04/2022.
2024-12-04 20:24:13,775 - INFO - [Thread 140276953757376] Starting processing of day with offset 159
2024-12-04 20:24:14,211 - INFO - [Thread 140276450457280] Finalizado processamento do dia 20/04/2022.
2024-12-04 20:24:14,211 - INFO - [Thread 140276450457280] Starting processing of day with offset 160
2024-12-04 20:24:14,268 - INFO - [Thread 140276978935488] Finalizado processamento do dia 21/04/2022.
2024-12-04 20:24:14,268 - INFO - [Thread 140276978935488] Starting processing of day with offset 161
2024-12-04 20:24:14,269 - INFO - [Thread 140277502039744] Finalizado processamento do dia 22/04/2022.
2024-12-04 20:24:14,270 - INFO - [Thread 140277502039744] Starting processing of day with offset 162
2024-12-04 20:24:14,364 - INFO - [Thread 140276945364672] Finalizado processamento do dia 24/04/2022.
2024-12-04 20:24:14,365 - INFO - [Thread 140276945364672] Starting processing of day with offset 163
2024-12-04 20:24:14,379 - INFO - [Thread 140276936971968] Finalizado processamento do dia 27/04/2022.
2024-12-04 20:24:14,379 - INFO - [Thread 140276936971968] Starting processing of day with offset 164
2024-12-04 20:24:14,383 - INFO - [Thread 140277527217856] Finalizado processamento do dia 23/04/2022.
2024-12-04 20:24:14,384 - INFO - [Thread 140277527217856] Starting processing of day with offset 165
2024-12-04 20:24:14,391 - INFO - [Thread 140277468468928] Finalizado processamento do dia 26/04/2022.
2024-12-04 20:24:14,392 - INFO - [Thread 140277468468928] Starting processing of day with offset 166
2024-12-04 20:24:14,396 - INFO - [Thread 140277510432448] Finalizado processamento do dia 29/04/2022.
2024-12-04 20:24:14,397 - INFO - [Thread 140277510432448] Starting processing of day with offset 167
2024-12-04 20:24:14,416 - INFO - [Thread 140276987328192] Finalizado processamento do dia 25/04/2022.
2024-12-04 20:24:14,417 - INFO - [Thread 140276987328192] Starting processing of day with offset 168
2024-12-04 20:24:14,427 - INFO - [Thread 140277493647040] Finalizado processamento do dia 01/05/2022.
2024-12-04 20:24:14,427 - INFO - [Thread 140277493647040] Starting processing of day with offset 169
2024-12-04 20:24:14,470 - INFO - [Thread 140276970542784] Finalizado processamento do dia 30/04/2022.
2024-12-04 20:24:14,470 - INFO - [Thread 140276970542784] Starting processing of day with offset 170
2024-12-04 20:24:14,513 - INFO - [Thread 140277485254336] Finalizado processamento do dia 02/05/2022.
2024-12-04 20:24:14,513 - INFO - [Thread 140277485254336] Starting processing of day with offset 171
2024-12-04 20:24:14,518 - INFO - [Thread 140277476861632] Finalizado processamento do dia 28/04/2022.
2024-12-04 20:24:14,519 - INFO - [Thread 140277476861632] Starting processing of day with offset 172
2024-12-04 20:24:14,530 - INFO - [Thread 140276962150080] Finalizado processamento do dia 03/05/2022.
2024-12-04 20:24:14,531 - INFO - [Thread 140276962150080] Starting processing of day with offset 173
2024-12-04 20:24:14,614 - INFO - [Thread 140276953757376] Finalizado processamento do dia 05/05/2022.
2024-12-04 20:24:14,615 - INFO - [Thread 140276953757376] Starting processing of day with offset 174
2024-12-04 20:24:14,640 - INFO - [Thread 140277518825152] Finalizado processamento do dia 04/05/2022.
2024-12-04 20:24:14,640 - INFO - [Thread 140277518825152] Starting processing of day with offset 175
2024-12-04 20:24:15,073 - INFO - [Thread 140276450457280] Finalizado processamento do dia 06/05/2022.
2024-12-04 20:24:15,074 - INFO - [Thread 140276450457280] Starting processing of day with offset 176
2024-12-04 20:24:15,084 - INFO - [Thread 140277502039744] Finalizado processamento do dia 08/05/2022.
2024-12-04 20:24:15,084 - INFO - [Thread 140277502039744] Starting processing of day with offset 177
2024-12-04 20:24:15,122 - INFO - [Thread 140276978935488] Finalizado processamento do dia 07/05/2022.
2024-12-04 20:24:15,122 - INFO - [Thread 140276978935488] Starting processing of day with offset 178
2024-12-04 20:24:15,146 - INFO - [Thread 140277468468928] Finalizado processamento do dia 12/05/2022.
2024-12-04 20:24:15,146 - INFO - [Thread 140277468468928] Starting processing of day with offset 179
2024-12-04 20:24:15,171 - INFO - [Thread 140276987328192] Finalizado processamento do dia 14/05/2022.
2024-12-04 20:24:15,171 - INFO - [Thread 140276987328192] Starting processing of day with offset 180
2024-12-04 20:24:15,178 - INFO - [Thread 140277527217856] Finalizado processamento do dia 11/05/2022.
2024-12-04 20:24:15,178 - INFO - [Thread 140277527217856] Starting processing of day with offset 181
2024-12-04 20:24:15,203 - INFO - [Thread 140276936971968] Finalizado processamento do dia 10/05/2022.
2024-12-04 20:24:15,204 - INFO - [Thread 140276936971968] Starting processing of day with offset 182
2024-12-04 20:24:15,227 - INFO - [Thread 140277510432448] Finalizado processamento do dia 13/05/2022.
2024-12-04 20:24:15,227 - INFO - [Thread 140277510432448] Starting processing of day with offset 183
2024-12-04 20:24:15,245 - INFO - [Thread 140276945364672] Finalizado processamento do dia 09/05/2022.
2024-12-04 20:24:15,245 - INFO - [Thread 140276945364672] Starting processing of day with offset 184
2024-12-04 20:24:15,270 - INFO - [Thread 140277493647040] Finalizado processamento do dia 15/05/2022.
2024-12-04 20:24:15,270 - INFO - [Thread 140277493647040] Starting processing of day with offset 185
2024-12-04 20:24:15,304 - INFO - [Thread 140276970542784] Finalizado processamento do dia 16/05/2022.
2024-12-04 20:24:15,304 - INFO - [Thread 140276970542784] Starting processing of day with offset 186
2024-12-04 20:24:15,317 - INFO - [Thread 140277476861632] Finalizado processamento do dia 18/05/2022.
2024-12-04 20:24:15,317 - INFO - [Thread 140277476861632] Starting processing of day with offset 187
2024-12-04 20:24:15,328 - INFO - [Thread 140277485254336] Finalizado processamento do dia 17/05/2022.
2024-12-04 20:24:15,329 - INFO - [Thread 140277485254336] Starting processing of day with offset 188
2024-12-04 20:24:15,357 - INFO - [Thread 140276962150080] Finalizado processamento do dia 19/05/2022.
2024-12-04 20:24:15,357 - INFO - [Thread 140276962150080] Starting processing of day with offset 189
2024-12-04 20:24:15,449 - INFO - [Thread 140276953757376] Finalizado processamento do dia 20/05/2022.
2024-12-04 20:24:15,450 - INFO - [Thread 140276953757376] Starting processing of day with offset 190
2024-12-04 20:24:15,481 - INFO - [Thread 140277518825152] Finalizado processamento do dia 21/05/2022.
2024-12-04 20:24:15,482 - INFO - [Thread 140277518825152] Starting processing of day with offset 191
2024-12-04 20:24:15,896 - INFO - [Thread 140276450457280] Finalizado processamento do dia 22/05/2022.
2024-12-04 20:24:15,896 - INFO - [Thread 140276450457280] Starting processing of day with offset 192
2024-12-04 20:24:15,941 - INFO - [Thread 140277502039744] Finalizado processamento do dia 23/05/2022.
2024-12-04 20:24:15,941 - INFO - [Thread 140277502039744] Starting processing of day with offset 193
2024-12-04 20:24:15,981 - INFO - [Thread 140277468468928] Finalizado processamento do dia 25/05/2022.
2024-12-04 20:24:15,982 - INFO - [Thread 140277468468928] Starting processing of day with offset 194
2024-12-04 20:24:16,005 - INFO - [Thread 140276978935488] Finalizado processamento do dia 24/05/2022.
2024-12-04 20:24:16,005 - INFO - [Thread 140276978935488] Starting processing of day with offset 195
2024-12-04 20:24:16,016 - INFO - [Thread 140277527217856] Finalizado processamento do dia 27/05/2022.
2024-12-04 20:24:16,016 - INFO - [Thread 140277527217856] Starting processing of day with offset 196
2024-12-04 20:24:16,037 - INFO - [Thread 140276936971968] Finalizado processamento do dia 28/05/2022.
2024-12-04 20:24:16,037 - INFO - [Thread 140276936971968] Starting processing of day with offset 197
2024-12-04 20:24:16,050 - INFO - [Thread 140277510432448] Finalizado processamento do dia 29/05/2022.
2024-12-04 20:24:16,051 - INFO - [Thread 140277510432448] Starting processing of day with offset 198
2024-12-04 20:24:16,062 - INFO - [Thread 140276987328192] Finalizado processamento do dia 26/05/2022.
2024-12-04 20:24:16,063 - INFO - [Thread 140276987328192] Starting processing of day with offset 199
2024-12-04 20:24:16,111 - INFO - [Thread 140276945364672] Finalizado processamento do dia 30/05/2022.
2024-12-04 20:24:16,111 - INFO - [Thread 140276945364672] Starting processing of day with offset 200
2024-12-04 20:24:16,114 - INFO - [Thread 140277485254336] Finalizado processamento do dia 03/06/2022.
2024-12-04 20:24:16,114 - INFO - [Thread 140277485254336] Starting processing of day with offset 201
2024-12-04 20:24:16,127 - INFO - [Thread 140276970542784] Finalizado processamento do dia 01/06/2022.
2024-12-04 20:24:16,127 - INFO - [Thread 140276970542784] Starting processing of day with offset 202
2024-12-04 20:24:16,133 - INFO - [Thread 140277476861632] Finalizado processamento do dia 02/06/2022.
2024-12-04 20:24:16,134 - INFO - [Thread 140277476861632] Starting processing of day with offset 203
2024-12-04 20:24:16,142 - INFO - [Thread 140277493647040] Finalizado processamento do dia 31/05/2022.
2024-12-04 20:24:16,143 - INFO - [Thread 140277493647040] Starting processing of day with offset 204
2024-12-04 20:24:16,162 - INFO - [Thread 140276962150080] Finalizado processamento do dia 04/06/2022.
2024-12-04 20:24:16,163 - INFO - [Thread 140276962150080] Starting processing of day with offset 205
2024-12-04 20:24:16,253 - INFO - [Thread 140277518825152] Finalizado processamento do dia 06/06/2022.
2024-12-04 20:24:16,253 - INFO - [Thread 140277518825152] Starting processing of day with offset 206
2024-12-04 20:24:16,298 - INFO - [Thread 140276953757376] Finalizado processamento do dia 05/06/2022.
2024-12-04 20:24:16,299 - INFO - [Thread 140276953757376] Starting processing of day with offset 207
2024-12-04 20:24:16,710 - INFO - [Thread 140276450457280] Finalizado processamento do dia 07/06/2022.
2024-12-04 20:24:16,711 - INFO - [Thread 140276450457280] Starting processing of day with offset 208
2024-12-04 20:24:16,783 - INFO - [Thread 140277502039744] Finalizado processamento do dia 08/06/2022.
2024-12-04 20:24:16,783 - INFO - [Thread 140277502039744] Starting processing of day with offset 209
2024-12-04 20:24:16,858 - INFO - [Thread 140276978935488] Finalizado processamento do dia 10/06/2022.
2024-12-04 20:24:16,859 - INFO - [Thread 140276978935488] Starting processing of day with offset 210
2024-12-04 20:24:16,859 - INFO - [Thread 140277468468928] Finalizado processamento do dia 09/06/2022.
2024-12-04 20:24:16,860 - INFO - [Thread 140277468468928] Starting processing of day with offset 211
2024-12-04 20:24:16,882 - INFO - [Thread 140277527217856] Finalizado processamento do dia 11/06/2022.
2024-12-04 20:24:16,883 - INFO - [Thread 140277527217856] Starting processing of day with offset 212
2024-12-04 20:24:16,885 - INFO - [Thread 140276936971968] Finalizado processamento do dia 12/06/2022.
2024-12-04 20:24:16,886 - INFO - [Thread 140276936971968] Starting processing of day with offset 213
2024-12-04 20:24:16,891 - INFO - [Thread 140276987328192] Finalizado processamento do dia 14/06/2022.
2024-12-04 20:24:16,892 - INFO - [Thread 140276987328192] Starting processing of day with offset 214
2024-12-04 20:24:16,958 - INFO - [Thread 140276945364672] Finalizado processamento do dia 15/06/2022.
2024-12-04 20:24:16,958 - INFO - [Thread 140276945364672] Starting processing of day with offset 215
2024-12-04 20:24:16,962 - INFO - [Thread 140276970542784] Finalizado processamento do dia 17/06/2022.
2024-12-04 20:24:16,963 - INFO - [Thread 140276970542784] Starting processing of day with offset 216
2024-12-04 20:24:16,965 - INFO - [Thread 140277510432448] Finalizado processamento do dia 13/06/2022.
2024-12-04 20:24:16,965 - INFO - [Thread 140277510432448] Starting processing of day with offset 217
2024-12-04 20:24:16,978 - INFO - [Thread 140277493647040] Finalizado processamento do dia 19/06/2022.
2024-12-04 20:24:16,978 - INFO - [Thread 140277493647040] Starting processing of day with offset 218
2024-12-04 20:24:16,983 - INFO - [Thread 140277476861632] Finalizado processamento do dia 18/06/2022.
2024-12-04 20:24:16,983 - INFO - [Thread 140277476861632] Starting processing of day with offset 219
2024-12-04 20:24:16,984 - INFO - [Thread 140277485254336] Finalizado processamento do dia 16/06/2022.
2024-12-04 20:24:16,985 - INFO - [Thread 140277485254336] Starting processing of day with offset 220
2024-12-04 20:24:17,040 - INFO - [Thread 140276962150080] Finalizado processamento do dia 20/06/2022.
2024-12-04 20:24:17,041 - INFO - [Thread 140276962150080] Starting processing of day with offset 221
2024-12-04 20:24:17,095 - INFO - [Thread 140277518825152] Finalizado processamento do dia 21/06/2022.
2024-12-04 20:24:17,095 - INFO - [Thread 140277518825152] Starting processing of day with offset 222
2024-12-04 20:24:17,138 - INFO - [Thread 140276953757376] Finalizado processamento do dia 22/06/2022.
2024-12-04 20:24:17,138 - INFO - [Thread 140276953757376] Starting processing of day with offset 223
2024-12-04 20:24:17,565 - INFO - [Thread 140276450457280] Finalizado processamento do dia 23/06/2022.
2024-12-04 20:24:17,565 - INFO - [Thread 140276450457280] Starting processing of day with offset 224
2024-12-04 20:24:17,660 - INFO - [Thread 140277502039744] Finalizado processamento do dia 24/06/2022.
2024-12-04 20:24:17,660 - INFO - [Thread 140277502039744] Starting processing of day with offset 225
2024-12-04 20:24:17,663 - INFO - [Thread 140276978935488] Finalizado processamento do dia 25/06/2022.
2024-12-04 20:24:17,663 - INFO - [Thread 140276978935488] Starting processing of day with offset 226
2024-12-04 20:24:17,701 - INFO - [Thread 140277468468928] Finalizado processamento do dia 26/06/2022.
2024-12-04 20:24:17,701 - INFO - [Thread 140277468468928] Starting processing of day with offset 227
2024-12-04 20:24:17,737 - INFO - [Thread 140276936971968] Finalizado processamento do dia 28/06/2022.
2024-12-04 20:24:17,737 - INFO - [Thread 140276936971968] Starting processing of day with offset 228
2024-12-04 20:24:17,741 - INFO - [Thread 140277527217856] Finalizado processamento do dia 27/06/2022.
2024-12-04 20:24:17,742 - INFO - [Thread 140277527217856] Starting processing of day with offset 229
2024-12-04 20:24:17,744 - INFO - [Thread 140276945364672] Finalizado processamento do dia 30/06/2022.
2024-12-04 20:24:17,745 - INFO - [Thread 140276945364672] Starting processing of day with offset 230
2024-12-04 20:24:17,761 - INFO - [Thread 140276987328192] Finalizado processamento do dia 29/06/2022.
2024-12-04 20:24:17,762 - INFO - [Thread 140276987328192] Starting processing of day with offset 231
2024-12-04 20:24:17,774 - INFO - [Thread 140276970542784] Finalizado processamento do dia 01/07/2022.
2024-12-04 20:24:17,774 - INFO - [Thread 140276970542784] Starting processing of day with offset 232
2024-12-04 20:24:17,818 - INFO - [Thread 140277476861632] Finalizado processamento do dia 04/07/2022.
2024-12-04 20:24:17,818 - INFO - [Thread 140277476861632] Starting processing of day with offset 233
2024-12-04 20:24:17,825 - INFO - [Thread 140277493647040] Finalizado processamento do dia 03/07/2022.
2024-12-04 20:24:17,826 - INFO - [Thread 140277493647040] Starting processing of day with offset 234
2024-12-04 20:24:17,839 - INFO - [Thread 140277485254336] Finalizado processamento do dia 05/07/2022.
2024-12-04 20:24:17,840 - INFO - [Thread 140277485254336] Starting processing of day with offset 235
2024-12-04 20:24:17,848 - INFO - [Thread 140277510432448] Finalizado processamento do dia 02/07/2022.
2024-12-04 20:24:17,848 - INFO - [Thread 140277510432448] Starting processing of day with offset 236
2024-12-04 20:24:17,899 - INFO - [Thread 140276962150080] Finalizado processamento do dia 06/07/2022.
2024-12-04 20:24:17,900 - INFO - [Thread 140276962150080] Starting processing of day with offset 237
2024-12-04 20:24:17,981 - INFO - [Thread 140277518825152] Finalizado processamento do dia 07/07/2022.
2024-12-04 20:24:17,981 - INFO - [Thread 140277518825152] Starting processing of day with offset 238
2024-12-04 20:24:17,984 - INFO - [Thread 140276953757376] Finalizado processamento do dia 08/07/2022.
2024-12-04 20:24:17,985 - INFO - [Thread 140276953757376] Starting processing of day with offset 239
2024-12-04 20:24:18,412 - INFO - [Thread 140276450457280] Finalizado processamento do dia 09/07/2022.
2024-12-04 20:24:18,412 - INFO - [Thread 140276450457280] Starting processing of day with offset 240
2024-12-04 20:24:18,470 - INFO - [Thread 140276978935488] Finalizado processamento do dia 11/07/2022.
2024-12-04 20:24:18,471 - INFO - [Thread 140276978935488] Starting processing of day with offset 241
2024-12-04 20:24:18,510 - INFO - [Thread 140277468468928] Finalizado processamento do dia 12/07/2022.
2024-12-04 20:24:18,510 - INFO - [Thread 140277468468928] Starting processing of day with offset 242
2024-12-04 20:24:18,519 - INFO - [Thread 140277502039744] Finalizado processamento do dia 10/07/2022.
2024-12-04 20:24:18,520 - INFO - [Thread 140277502039744] Starting processing of day with offset 243
2024-12-04 20:24:18,552 - INFO - [Thread 140276936971968] Finalizado processamento do dia 13/07/2022.
2024-12-04 20:24:18,552 - INFO - [Thread 140276936971968] Starting processing of day with offset 244
2024-12-04 20:24:18,563 - INFO - [Thread 140276970542784] Finalizado processamento do dia 17/07/2022.
2024-12-04 20:24:18,564 - INFO - [Thread 140276970542784] Starting processing of day with offset 245
2024-12-04 20:24:18,579 - INFO - [Thread 140276945364672] Finalizado processamento do dia 15/07/2022.
2024-12-04 20:24:18,579 - INFO - [Thread 140276945364672] Starting processing of day with offset 246
2024-12-04 20:24:18,585 - INFO - [Thread 140276987328192] Finalizado processamento do dia 16/07/2022.
2024-12-04 20:24:18,586 - INFO - [Thread 140276987328192] Starting processing of day with offset 247
2024-12-04 20:24:18,587 - INFO - [Thread 140277527217856] Finalizado processamento do dia 14/07/2022.
2024-12-04 20:24:18,588 - INFO - [Thread 140277527217856] Starting processing of day with offset 248
2024-12-04 20:24:18,614 - INFO - [Thread 140277476861632] Finalizado processamento do dia 18/07/2022.
2024-12-04 20:24:18,615 - INFO - [Thread 140277476861632] Starting processing of day with offset 249
2024-12-04 20:24:18,650 - INFO - [Thread 140277493647040] Finalizado processamento do dia 19/07/2022.
2024-12-04 20:24:18,651 - INFO - [Thread 140277493647040] Starting processing of day with offset 250
2024-12-04 20:24:18,691 - INFO - [Thread 140277510432448] Finalizado processamento do dia 21/07/2022.
2024-12-04 20:24:18,692 - INFO - [Thread 140277510432448] Starting processing of day with offset 251
2024-12-04 20:24:18,733 - INFO - [Thread 140277485254336] Finalizado processamento do dia 20/07/2022.
2024-12-04 20:24:18,734 - INFO - [Thread 140277485254336] Starting processing of day with offset 252
2024-12-04 20:24:18,785 - INFO - [Thread 140276962150080] Finalizado processamento do dia 22/07/2022.
2024-12-04 20:24:18,786 - INFO - [Thread 140276962150080] Starting processing of day with offset 253
2024-12-04 20:24:18,827 - INFO - [Thread 140277518825152] Finalizado processamento do dia 23/07/2022.
2024-12-04 20:24:18,827 - INFO - [Thread 140277518825152] Starting processing of day with offset 254
2024-12-04 20:24:18,852 - INFO - [Thread 140276953757376] Finalizado processamento do dia 24/07/2022.
2024-12-04 20:24:18,852 - INFO - [Thread 140276953757376] Starting processing of day with offset 255
2024-12-04 20:24:19,270 - INFO - [Thread 140276978935488] Finalizado processamento do dia 26/07/2022.
2024-12-04 20:24:19,271 - INFO - [Thread 140276978935488] Starting processing of day with offset 256
2024-12-04 20:24:19,288 - INFO - [Thread 140277468468928] Finalizado processamento do dia 27/07/2022.
2024-12-04 20:24:19,288 - INFO - [Thread 140277468468928] Starting processing of day with offset 257
2024-12-04 20:24:19,303 - INFO - [Thread 140277502039744] Finalizado processamento do dia 28/07/2022.
2024-12-04 20:24:19,304 - INFO - [Thread 140276450457280] Finalizado processamento do dia 25/07/2022.
2024-12-04 20:24:19,304 - INFO - [Thread 140277502039744] Starting processing of day with offset 258
2024-12-04 20:24:19,305 - INFO - [Thread 140276450457280] Starting processing of day with offset 259
2024-12-04 20:24:19,386 - INFO - [Thread 140276936971968] Finalizado processamento do dia 29/07/2022.
2024-12-04 20:24:19,387 - INFO - [Thread 140276936971968] Starting processing of day with offset 260
2024-12-04 20:24:19,391 - INFO - [Thread 140276970542784] Finalizado processamento do dia 30/07/2022.
2024-12-04 20:24:19,391 - INFO - [Thread 140276970542784] Starting processing of day with offset 261
2024-12-04 20:24:19,405 - INFO - [Thread 140276987328192] Finalizado processamento do dia 01/08/2022.
2024-12-04 20:24:19,406 - INFO - [Thread 140276987328192] Starting processing of day with offset 262
2024-12-04 20:24:19,414 - INFO - [Thread 140277476861632] Finalizado processamento do dia 03/08/2022.
2024-12-04 20:24:19,415 - INFO - [Thread 140277476861632] Starting processing of day with offset 263
2024-12-04 20:24:19,433 - INFO - [Thread 140276945364672] Finalizado processamento do dia 31/07/2022.
2024-12-04 20:24:19,433 - INFO - [Thread 140276945364672] Starting processing of day with offset 264
2024-12-04 20:24:19,447 - INFO - [Thread 140277527217856] Finalizado processamento do dia 02/08/2022.
2024-12-04 20:24:19,448 - INFO - [Thread 140277527217856] Starting processing of day with offset 265
2024-12-04 20:24:19,477 - INFO - [Thread 140277493647040] Finalizado processamento do dia 04/08/2022.
2024-12-04 20:24:19,477 - INFO - [Thread 140277493647040] Starting processing of day with offset 266
2024-12-04 20:24:19,564 - INFO - [Thread 140277510432448] Finalizado processamento do dia 05/08/2022.
2024-12-04 20:24:19,564 - INFO - [Thread 140277510432448] Starting processing of day with offset 267
2024-12-04 20:24:19,621 - INFO - [Thread 140277485254336] Finalizado processamento do dia 06/08/2022.
2024-12-04 20:24:19,621 - INFO - [Thread 140277485254336] Starting processing of day with offset 268
2024-12-04 20:24:19,626 - INFO - [Thread 140277518825152] Finalizado processamento do dia 08/08/2022.
2024-12-04 20:24:19,626 - INFO - [Thread 140277518825152] Starting processing of day with offset 269
2024-12-04 20:24:19,632 - INFO - [Thread 140276962150080] Finalizado processamento do dia 07/08/2022.
2024-12-04 20:24:19,632 - INFO - [Thread 140276962150080] Starting processing of day with offset 270
2024-12-04 20:24:19,649 - INFO - [Thread 140276953757376] Finalizado processamento do dia 09/08/2022.
2024-12-04 20:24:19,650 - INFO - [Thread 140276953757376] Starting processing of day with offset 271
2024-12-04 20:24:20,077 - INFO - [Thread 140276978935488] Finalizado processamento do dia 10/08/2022.
2024-12-04 20:24:20,078 - INFO - [Thread 140276978935488] Starting processing of day with offset 272
2024-12-04 20:24:20,151 - INFO - [Thread 140276450457280] Finalizado processamento do dia 13/08/2022.
2024-12-04 20:24:20,151 - INFO - [Thread 140276450457280] Starting processing of day with offset 273
2024-12-04 20:24:20,159 - INFO - [Thread 140277468468928] Finalizado processamento do dia 11/08/2022.
2024-12-04 20:24:20,159 - INFO - [Thread 140277468468928] Starting processing of day with offset 274
2024-12-04 20:24:20,164 - INFO - [Thread 140276987328192] Finalizado processamento do dia 16/08/2022.
2024-12-04 20:24:20,165 - INFO - [Thread 140276987328192] Starting processing of day with offset 275
2024-12-04 20:24:20,188 - INFO - [Thread 140277502039744] Finalizado processamento do dia 12/08/2022.
2024-12-04 20:24:20,189 - INFO - [Thread 140277502039744] Starting processing of day with offset 276
2024-12-04 20:24:20,225 - INFO - [Thread 140276936971968] Finalizado processamento do dia 14/08/2022.
2024-12-04 20:24:20,226 - INFO - [Thread 140276936971968] Starting processing of day with offset 277
2024-12-04 20:24:20,252 - INFO - [Thread 140276945364672] Finalizado processamento do dia 18/08/2022.
2024-12-04 20:24:20,253 - INFO - [Thread 140276945364672] Starting processing of day with offset 278
2024-12-04 20:24:20,266 - INFO - [Thread 140277476861632] Finalizado processamento do dia 17/08/2022.
2024-12-04 20:24:20,266 - INFO - [Thread 140277476861632] Starting processing of day with offset 279
2024-12-04 20:24:20,295 - INFO - [Thread 140276970542784] Finalizado processamento do dia 15/08/2022.
2024-12-04 20:24:20,296 - INFO - [Thread 140276970542784] Starting processing of day with offset 280
2024-12-04 20:24:20,300 - INFO - [Thread 140277493647040] Finalizado processamento do dia 20/08/2022.
2024-12-04 20:24:20,300 - INFO - [Thread 140277493647040] Starting processing of day with offset 281
2024-12-04 20:24:20,319 - INFO - [Thread 140277527217856] Finalizado processamento do dia 19/08/2022.
2024-12-04 20:24:20,320 - INFO - [Thread 140277527217856] Starting processing of day with offset 282
2024-12-04 20:24:20,369 - INFO - [Thread 140277510432448] Finalizado processamento do dia 21/08/2022.
2024-12-04 20:24:20,369 - INFO - [Thread 140277510432448] Starting processing of day with offset 283
2024-12-04 20:24:20,469 - INFO - [Thread 140277485254336] Finalizado processamento do dia 22/08/2022.
2024-12-04 20:24:20,470 - INFO - [Thread 140277485254336] Starting processing of day with offset 284
2024-12-04 20:24:20,475 - INFO - [Thread 140276962150080] Finalizado processamento do dia 24/08/2022.
2024-12-04 20:24:20,475 - INFO - [Thread 140276962150080] Starting processing of day with offset 285
2024-12-04 20:24:20,484 - INFO - [Thread 140277518825152] Finalizado processamento do dia 23/08/2022.
2024-12-04 20:24:20,485 - INFO - [Thread 140277518825152] Starting processing of day with offset 286
2024-12-04 20:24:20,537 - INFO - [Thread 140276953757376] Finalizado processamento do dia 25/08/2022.
2024-12-04 20:24:20,538 - INFO - [Thread 140276953757376] Starting processing of day with offset 287
2024-12-04 20:24:20,936 - INFO - [Thread 140276978935488] Finalizado processamento do dia 26/08/2022.
2024-12-04 20:24:20,937 - INFO - [Thread 140276978935488] Starting processing of day with offset 288
2024-12-04 20:24:20,945 - INFO - [Thread 140276450457280] Finalizado processamento do dia 27/08/2022.
2024-12-04 20:24:20,945 - INFO - [Thread 140276450457280] Starting processing of day with offset 289
2024-12-04 20:24:20,969 - INFO - [Thread 140277468468928] Finalizado processamento do dia 28/08/2022.
2024-12-04 20:24:20,969 - INFO - [Thread 140277468468928] Starting processing of day with offset 290
2024-12-04 20:24:21,005 - INFO - [Thread 140276987328192] Finalizado processamento do dia 29/08/2022.
2024-12-04 20:24:21,006 - INFO - [Thread 140276987328192] Starting processing of day with offset 291
2024-12-04 20:24:21,031 - INFO - [Thread 140277502039744] Finalizado processamento do dia 30/08/2022.
2024-12-04 20:24:21,032 - INFO - [Thread 140277502039744] Starting processing of day with offset 292
2024-12-04 20:24:21,040 - INFO - [Thread 140276936971968] Finalizado processamento do dia 31/08/2022.
2024-12-04 20:24:21,041 - INFO - [Thread 140276936971968] Starting processing of day with offset 293
2024-12-04 20:45:04,764 - WARNING - Compiled the loaded model, but the compiled metrics have yet to be built. `model.compile_metrics` will be empty until you train or evaluate the model.
